#
# There is insufficient memory for the Java Runtime Environment to continue.
# Native memory allocation (malloc) failed to allocate 1048576 bytes for AllocateHeap
# Possible reasons:
#   The system is out of physical RAM or swap space
#   The process is running with CompressedOops enabled, and the Java Heap may be blocking the growth of the native heap
# Possible solutions:
#   Reduce memory load on the system
#   Increase physical memory or swap space
#   Check if swap backing store is full
#   Decrease Java heap size (-Xmx/-Xms)
#   Decrease number of Java threads
#   Decrease Java thread stack sizes (-Xss)
#   Set larger code cache with -XX:ReservedCodeCacheSize=
#   JVM is running with Zero Based Compressed Oops mode in which the Java heap is
#     placed in the first 32GB address space. The Java Heap base address is the
#     maximum limit for the native heap growth. Please use -XX:HeapBaseMinAddress
#     to set the Java Heap base and to place the Java Heap above 32GB virtual address.
# This output file may be truncated or incomplete.
#
#  Out of Memory Error (memory/allocation.inline.hpp:61), pid=26804, tid=0x0000000000007bb4
#
# JRE version:  (8.0_251-b08) (build )
# Java VM: Java HotSpot(TM) 64-Bit Server VM (25.251-b08 mixed mode windows-amd64 compressed oops)
# Failed to write core dump. Minidumps are not enabled by default on client versions of Windows
#

---------------  T H R E A D  ---------------

Current thread (0x000000000120e800):  JavaThread "Unknown thread" [_thread_in_vm, id=31668, stack(0x0000000002f90000,0x0000000003090000)]

Stack: [0x0000000002f90000,0x0000000003090000]
[error occurred during error reporting (printing stack bounds), id 0xc0000005]

Native frames: (J=compiled Java code, j=interpreted, Vv=VM code, C=native code)


---------------  P R O C E S S  ---------------

Java Threads: ( => current thread )

Other Threads:

=>0x000000000120e800 (exited) JavaThread "Unknown thread" [_thread_in_vm, id=31668, stack(0x0000000002f90000,0x0000000003090000)]

VM state:not at safepoint (normal execution)

VM Mutex/Monitor currently owned by a thread: None

heap address: 0x00000006c2600000, size: 4058 MB, Compressed Oops mode: Zero based, Oop shift amount: 3
Narrow klass base: 0x0000000000000000, Narrow klass shift: 3
Compressed class space size: 1073741824 Address: 0x00000007c0000000

Heap:
 PSYoungGen      total 75776K, used 1300K [0x000000076b780000, 0x0000000770c00000, 0x00000007c0000000)
  eden space 65024K, 2% used [0x000000076b780000,0x000000076b8c51f8,0x000000076f700000)
  from space 10752K, 0% used [0x0000000770180000,0x0000000770180000,0x0000000770c00000)
  to   space 10752K, 0% used [0x000000076f700000,0x000000076f700000,0x0000000770180000)
 ParOldGen       total 173568K, used 0K [0x00000006c2600000, 0x00000006ccf80000, 0x000000076b780000)
  object space 173568K, 0% used [0x00000006c2600000,0x00000006c2600000,0x00000006ccf80000)
 Metaspace       used 752K, capacity 4480K, committed 4480K, reserved 1056768K
  class space    used 76K, capacity 384K, committed 384K, reserved 1048576K

Card table byte_map: [0x0000000012550000,0x0000000012d40000] byte_map_base: 0x000000000ef3d000

Marking Bits: (ParMarkBitMap*) 0x000000006184af90
 Begin Bits: [0x0000000013c90000, 0x0000000017bf8000)
 End Bits:   [0x0000000017bf8000, 0x000000001bb60000)

Polling page: 0x00000000011e0000

CodeCache: size=245760Kb used=328Kb max_used=328Kb free=245431Kb
 bounds [0x0000000003190000, 0x0000000003400000, 0x0000000012190000]
 total_blobs=58 nmethods=0 adapters=38
 compilation: enabled

Compilation events (0 events):
No events

GC Heap History (0 events):
No events

Deoptimization events (0 events):
No events

Classes redefined (0 events):
No events

Internal exceptions (0 events):
No events

Events (10 events):
Event: 0.021 loading class java/lang/Short
Event: 0.021 loading class java/lang/Short done
Event: 0.021 loading class java/lang/Integer
Event: 0.021 loading class java/lang/Integer done
Event: 0.021 loading class java/lang/Long
Event: 0.021 loading class java/lang/Long done
Event: 0.021 loading class java/lang/NullPointerException
Event: 0.021 loading class java/lang/NullPointerException done
Event: 0.021 loading class java/lang/ArithmeticException
Event: 0.021 loading class java/lang/ArithmeticException done


Dynamic libraries:
0x00007ff662550000 - 0x00007ff662587000 	C:\Program Files\Java\jre1.8.0_251\bin\javaw.exe
0x00007ffc81160000 - 0x00007ffc81350000 	C:\Windows\SYSTEM32\ntdll.dll
0x00007ffc7f970000 - 0x00007ffc7fa22000 	C:\Windows\System32\KERNEL32.DLL
0x00007ffc7ea70000 - 0x00007ffc7ed14000 	C:\Windows\System32\KERNELBASE.dll
0x00007ffc809e0000 - 0x00007ffc80a83000 	C:\Windows\System32\ADVAPI32.dll
0x00007ffc80940000 - 0x00007ffc809de000 	C:\Windows\System32\msvcrt.dll
0x00007ffc80b20000 - 0x00007ffc80bb7000 	C:\Windows\System32\sechost.dll
0x00007ffc80bc0000 - 0x00007ffc80ce0000 	C:\Windows\System32\RPCRT4.dll
0x00007ffc80f20000 - 0x00007ffc810b4000 	C:\Windows\System32\USER32.dll
0x00007ffc7ee70000 - 0x00007ffc7ee91000 	C:\Windows\System32\win32u.dll
0x00007ffc80ef0000 - 0x00007ffc80f16000 	C:\Windows\System32\GDI32.dll
0x00007ffc7f070000 - 0x00007ffc7f205000 	C:\Windows\System32\gdi32full.dll
0x00007ffc7e9d0000 - 0x00007ffc7ea6e000 	C:\Windows\System32\msvcp_win.dll
0x00007ffc7ed20000 - 0x00007ffc7ee1a000 	C:\Windows\System32\ucrtbase.dll
0x00007ffc6e8e0000 - 0x00007ffc6eb64000 	C:\Windows\WinSxS\amd64_microsoft.windows.common-controls_6595b64144ccf1df_6.0.18362.900_none_e6beb9d913147d17\COMCTL32.dll
0x00007ffc7f5a0000 - 0x00007ffc7f8d5000 	C:\Windows\System32\combase.dll
0x00007ffc7eea0000 - 0x00007ffc7ef20000 	C:\Windows\System32\bcryptPrimitives.dll
0x00007ffc7ffe0000 - 0x00007ffc8000e000 	C:\Windows\System32\IMM32.DLL
0x0000000061970000 - 0x0000000061a42000 	C:\Program Files\Java\jre1.8.0_251\bin\msvcr100.dll
0x0000000061020000 - 0x00000000618cb000 	C:\Program Files\Java\jre1.8.0_251\bin\server\jvm.dll
0x00007ffc80760000 - 0x00007ffc80768000 	C:\Windows\System32\PSAPI.DLL
0x00007ffc70470000 - 0x00007ffc70479000 	C:\Windows\SYSTEM32\WSOCK32.dll
0x00007ffc6adb0000 - 0x00007ffc6add4000 	C:\Windows\SYSTEM32\WINMM.dll
0x00007ffc783e0000 - 0x00007ffc783ea000 	C:\Windows\SYSTEM32\VERSION.dll
0x00007ffc808d0000 - 0x00007ffc8093f000 	C:\Windows\System32\WS2_32.dll
0x00007ffc732a0000 - 0x00007ffc732cd000 	C:\Windows\SYSTEM32\WINMMBASE.dll
0x00007ffc7ee20000 - 0x00007ffc7ee6a000 	C:\Windows\System32\cfgmgr32.dll
0x00007ffc75b80000 - 0x00007ffc75b8f000 	C:\Program Files\Java\jre1.8.0_251\bin\verify.dll
0x00007ffc6af60000 - 0x00007ffc6af89000 	C:\Program Files\Java\jre1.8.0_251\bin\java.dll
0x00007ffc6d7f0000 - 0x00007ffc6d806000 	C:\Program Files\Java\jre1.8.0_251\bin\zip.dll

VM Arguments:
jvm_args: -Dfile.encoding=Cp1252 
java_command: Assign1
java_class_path (initial): C:\Users\katie\eclipse-workspace\Assign1\bin
Launcher Type: SUN_STANDARD

Environment Variables:
JAVA_HOME=C:\Program Files\Java\jdk1.8.0_251
PATH=C:/Program Files/Java/jre1.8.0_251/bin/server;C:/Program Files/Java/jre1.8.0_251/bin;C:/Program Files/Java/jre1.8.0_251/lib/amd64;C:\Program Files (x86)\EasyPHP-DevServer-14.1VC9\binaries\php\php_runningversion;C:\Program Files (x86)\Common Files\Oracle\Java\javapath;C:\Windows\system32;C:\Windows;C:\Windows\System32\Wbem;C:\Windows\System32\WindowsPowerShell\v1.0\;C:\Windows\System32\OpenSSH\;C:\Program Files\Java\jdk1.8.0_251\bin;C:\Program Files\Java\jre1.8.0_251\bin;C:\cygwin64\bin;C:\php;C:\Program Files\nodejs\;C:\Program Files\Git\cmd;C:\Program Files\Git\mingw64\bin;C:\Program Files\Git\usr\bin;C:\Users\katie\AppData\Local\Microsoft\WindowsApps;;C:\Program Files\JetBrains\IntelliJ IDEA Community Edition 2020.1.1\bin;;C:\Program Files\JetBrains\PyCharm Community Edition 2020.1.1\bin;;C:\Users\katie\AppData\Roaming\npm;C:\Windows\system32;
USERNAME=katie
OS=Windows_NT
PROCESSOR_IDENTIFIER=Intel64 Family 6 Model 158 Stepping 10, GenuineIntel



---------------  S Y S T E M  ---------------

OS: Windows 10.0 , 64 bit Build 18362 (10.0.18362.900)

CPU:total 12 (initial active 12) (6 cores per cpu, 2 threads per core) family 6 model 158 stepping 10, cmov, cx8, fxsr, mmx, sse, sse2, sse3, ssse3, sse4.1, sse4.2, popcnt, avx, avx2, aes, clmul, erms, 3dnowpref, lzcnt, ht, tsc, tscinvbit, bmi1, bmi2, adx

Memory: 4k page, physical 16616176k(2736700k free), swap 32162796k(5508k free)

vm_info: Java HotSpot(TM) 64-Bit Server VM (25.251-b08) for windows-amd64 JRE (1.8.0_251-b08), built on Mar 12 2020 06:31:49 by "" with MS VC++ 10.0 (VS2010)

time: Mon Jun 22 16:27:08 2020
timezone: Eastern Daylight Time
elapsed time: 0 seconds (0d 0h 0m 0s)

